[0m23:28:18.071078 [debug] [MainThread]: Sending event: {'category': 'dbt', 'action': 'invocation', 'label': 'start', 'context': [<snowplow_tracker.self_describing_json.SelfDescribingJson object at 0x10947c980>, <snowplow_tracker.self_describing_json.SelfDescribingJson object at 0x10aaf6c10>, <snowplow_tracker.self_describing_json.SelfDescribingJson object at 0x10aaf6e90>]}


============================== 23:28:18.073493 | 218cb2e8-7bd0-4a3b-93f5-b700a51dbd1d ==============================
[0m23:28:18.073493 [info ] [MainThread]: Running with dbt=1.12.0
[0m23:28:18.073739 [debug] [MainThread]: running dbt with arguments {'introspect': 'True', 'fail_fast': 'False', 'send_anonymous_usage_stats': 'True', 'use_colors': 'True', 'invocation_command': 'dbt init', 'warn_error_options': 'WarnErrorOptionsV2(error=[], warn=[], silence=[])', 'target_path': 'None', 'quiet': 'False', 'hints_enabled': 'True', 'cache_selected_only': 'False', 'no_print': 'None', 'maximum_seed_size_mib': '1', 'empty': 'None', 'static_parser': 'True', 'log_format': 'default', 'version_check': 'True', 'profiles_dir': '/Users/lyeelynnphang/.dbt', 'printer_width': '80', 'write_json': 'True', 'log_path': 'logs', 'debug': 'False', 'partial_parse': 'True', 'warn_error': 'None', 'indirect_selection': 'eager', 'use_experimental_parser': 'False', 'log_cache_events': 'False'}
[0m23:28:18.109592 [info ] [MainThread]: Creating dbt configuration folder at /Users/lyeelynnphang/.dbt
[0m23:28:38.811182 [debug] [MainThread]: Starter project path: /Users/lyeelynnphang/Documents/chicago-taxi-analytics-engineering/.venv/lib/python3.14/site-packages/dbt/include/starter_project
[0m23:28:38.828965 [info ] [MainThread]: Setting up your profile.
[0m23:37:58.544160 [info ] [MainThread]: Profile chicago_taxi_analytics written to /Users/lyeelynnphang/.dbt/profiles.yml using target's profile_template.yml and your supplied values.
[0m23:37:58.581004 [info ] [MainThread]: Running dbt debug to validate the project...
[0m23:37:58.584604 [info ] [MainThread]: dbt version: 1.12.0
[0m23:37:58.584792 [info ] [MainThread]: python version: 3.14.6
[0m23:37:58.584908 [info ] [MainThread]: python path: /Users/lyeelynnphang/Documents/chicago-taxi-analytics-engineering/.venv/bin/python3.14
[0m23:37:58.585048 [info ] [MainThread]: os info: macOS-26.4.1-arm64-arm-64bit-Mach-O
[0m23:37:58.642294 [info ] [MainThread]: Using profiles dir at /Users/lyeelynnphang/.dbt
[0m23:37:58.642506 [info ] [MainThread]: Using profiles.yml file at /Users/lyeelynnphang/.dbt/profiles.yml
[0m23:37:58.642679 [info ] [MainThread]: Using dbt_project.yml file at /Users/lyeelynnphang/Documents/chicago-taxi-analytics-engineering/chicago_taxi_analytics/dbt_project.yml
[0m23:37:58.642897 [info ] [MainThread]: adapter type: bigquery
[0m23:37:58.643019 [info ] [MainThread]: adapter version: 1.12.0
[0m23:37:58.682541 [info ] [MainThread]: Configuration:
[0m23:37:58.682753 [info ] [MainThread]:   profiles.yml file [[32mOK found and valid[0m]
[0m23:37:58.682855 [info ] [MainThread]:   dbt_project.yml file [[32mOK found and valid[0m]
[0m23:37:58.682949 [info ] [MainThread]: Required dependencies:
[0m23:37:58.683238 [debug] [MainThread]: Executing "git --help"
[0m23:37:58.706598 [debug] [MainThread]: STDOUT: "b"usage: git [-v | --version] [-h | --help] [-C <path>] [-c <name>=<value>]\n           [--exec-path[=<path>]] [--html-path] [--man-path] [--info-path]\n           [-p | --paginate | -P | --no-pager] [--no-replace-objects] [--no-lazy-fetch]\n           [--no-optional-locks] [--no-advice] [--bare] [--git-dir=<path>]\n           [--work-tree=<path>] [--namespace=<name>] [--config-env=<name>=<envvar>]\n           <command> [<args>]\n\nThese are common Git commands used in various situations:\n\nstart a working area (see also: git help tutorial)\n   clone      Clone a repository into a new directory\n   init       Create an empty Git repository or reinitialize an existing one\n\nwork on the current change (see also: git help everyday)\n   add        Add file contents to the index\n   mv         Move or rename a file, a directory, or a symlink\n   restore    Restore working tree files\n   rm         Remove files from the working tree and from the index\n\nexamine the history and state (see also: git help revisions)\n   bisect     Use binary search to find the commit that introduced a bug\n   diff       Show changes between commits, commit and working tree, etc\n   grep       Print lines matching a pattern\n   log        Show commit logs\n   show       Show various types of objects\n   status     Show the working tree status\n\ngrow, mark and tweak your common history\n   backfill   Download missing objects in a partial clone\n   branch     List, create, or delete branches\n   commit     Record changes to the repository\n   merge      Join two or more development histories together\n   rebase     Reapply commits on top of another base tip\n   reset      Reset current HEAD to the specified state\n   switch     Switch branches\n   tag        Create, list, delete or verify a tag object signed with GPG\n\ncollaborate (see also: git help workflows)\n   fetch      Download objects and refs from another repository\n   pull       Fetch from and integrate with another repository or a local branch\n   push       Update remote refs along with associated objects\n\n'git help -a' and 'git help -g' list available subcommands and some\nconcept guides. See 'git help <command>' or 'git help <concept>'\nto read about a specific subcommand or concept.\nSee 'git help git' for an overview of the system.\n""
[0m23:37:58.707055 [debug] [MainThread]: STDERR: "b''"
[0m23:37:58.707188 [info ] [MainThread]:  - git [[32mOK found[0m]

[0m23:37:58.707336 [info ] [MainThread]: Connection:
[0m23:37:58.707498 [info ] [MainThread]:   method: oauth
[0m23:37:58.707601 [info ] [MainThread]:   database: chicago-taxi-analytics-lynn
[0m23:37:58.707693 [info ] [MainThread]:   execution_project: chicago-taxi-analytics-lynn
[0m23:37:58.707779 [info ] [MainThread]:   schema: chicago_taxi_analytics
[0m23:37:58.707859 [info ] [MainThread]:   location: US
[0m23:37:58.708013 [info ] [MainThread]:   priority: interactive
[0m23:37:58.708211 [info ] [MainThread]:   maximum_bytes_billed: None
[0m23:37:58.708348 [info ] [MainThread]:   reservation: None
[0m23:37:58.708469 [info ] [MainThread]:   impersonate_service_account: None
[0m23:37:58.708584 [info ] [MainThread]:   job_retry_deadline_seconds: None
[0m23:37:58.708697 [info ] [MainThread]:   job_retries: 1
[0m23:37:58.708797 [info ] [MainThread]:   job_creation_timeout_seconds: None
[0m23:37:58.708891 [info ] [MainThread]:   job_execution_timeout_seconds: 300
[0m23:37:58.708979 [info ] [MainThread]:   job_link_info_level_log: False
[0m23:37:58.709059 [info ] [MainThread]:   timeout_seconds: 300
[0m23:37:58.709140 [info ] [MainThread]:   client_id: None
[0m23:37:58.709220 [info ] [MainThread]:   token_uri: None
[0m23:37:58.709300 [info ] [MainThread]:   compute_region: None
[0m23:37:58.709378 [info ] [MainThread]:   dataproc_cluster_name: None
[0m23:37:58.709455 [info ] [MainThread]:   gcs_bucket: None
[0m23:37:58.709534 [info ] [MainThread]:   dataproc_batch: None
[0m23:37:58.709851 [info ] [MainThread]: Registered adapter: bigquery=1.12.0
[0m23:37:58.808656 [debug] [MainThread]: Acquiring new bigquery connection 'debug'
[0m23:37:58.808969 [debug] [MainThread]: On debug: select 1 as id
[0m23:37:58.809170 [debug] [MainThread]: Opening a new connection, currently in state init
[0m23:38:04.632161 [debug] [MainThread]: BigQuery adapter: Got an error when attempting to create a bigquery " "client: 'Runtime Error
  Failed to authenticate with supplied credentials
  error:
  Your default credentials were not found. To set up Application Default Credentials, see https://cloud.google.com/docs/authentication/external/set-up-adc for more information.'
[0m23:38:04.634308 [debug] [MainThread]: BigQuery adapter: Unhandled error while running:
select 1 as id
[0m23:38:04.634818 [debug] [MainThread]: BigQuery adapter: Database Error
  Runtime Error
    Failed to authenticate with supplied credentials
    error:
    Your default credentials were not found. To set up Application Default Credentials, see https://cloud.google.com/docs/authentication/external/set-up-adc for more information.
[0m23:38:04.635587 [info ] [MainThread]:   Connection test: [[31mERROR[0m]

[0m23:38:04.636109 [info ] [MainThread]: [31m1 check failed:[0m
[0m23:38:04.636457 [info ] [MainThread]: dbt was unable to connect to the specified database.
The database returned the following error:

  >'NoneType' object has no attribute 'close'

Check your database credentials and try again. For more information, visit:
https://docs.getdbt.com/docs/configure-your-profile


[0m23:38:04.637382 [info ] [MainThread]: Your new dbt project "chicago_taxi_analytics" was created!
Initialized new project in /Users/lyeelynnphang/Documents/chicago-taxi-analytics-engineering/chicago_taxi_analytics/chicago_taxi_analytics

For more information on how to configure the profiles.yml file,
please consult the dbt documentation here:

  https://docs.getdbt.com/docs/configure-your-profile

One more thing:

Need help? Don't hesitate to reach out to us via GitHub issues or on Slack:

  https://community.getdbt.com/

Happy modeling!

[0m23:38:04.637854 [info ] [MainThread]: [31mYour profile may need adjustments. You can find the logs of `dbt debug` above[0m
[0m23:38:04.648612 [debug] [MainThread]: Resource report: {"command_name": "init", "command_success": true, "command_wall_clock_time": 586.60065, "process_in_blocks": "0", "process_kernel_time": 0.349882, "process_mem_max_rss": "184270848", "process_out_blocks": "0", "process_user_time": 0.936638}
[0m23:38:04.649460 [debug] [MainThread]: Command `dbt init` succeeded at 23:38:04.649286 after 586.60 seconds
[0m23:38:04.650215 [debug] [MainThread]: Sending event: {'category': 'dbt', 'action': 'invocation', 'label': 'end', 'context': [<snowplow_tracker.self_describing_json.SelfDescribingJson object at 0x1188343e0>, <snowplow_tracker.self_describing_json.SelfDescribingJson object at 0x1187715b0>, <snowplow_tracker.self_describing_json.SelfDescribingJson object at 0x118819bf0>]}
[0m23:38:04.650785 [debug] [MainThread]: Flushing usage events
[0m23:38:05.819112 [debug] [MainThread]: An error was encountered while trying to flush usage events
